<?xml version="1.0" encoding="UTF-8"?>
<!-- Generated by org.testng.reporters.JUnitReportReporter -->
<testsuite ignored="0" hostname="BRILAP3139" failures="0" tests="3" name="MavenDemo.MavenFramework.TestNGDemo" time="0.012" errors="0" timestamp="25 Jun 2021 11:28:17 GMT" skipped="0">
  <testcase classname="MavenDemo.MavenFramework.TestNGDemo" name="tc3" time="0.004"/>
  <testcase classname="MavenDemo.MavenFramework.TestNGDemo" name="tc2" time="0.001"/>
  <testcase classname="MavenDemo.MavenFramework.TestNGDemo" name="tc1" time="0.007"/>
</testsuite> <!-- MavenDemo.MavenFramework.TestNGDemo -->
