<?xml version="1.0" encoding="UTF-8"?>
<!-- Generated by org.testng.reporters.JUnitReportReporter -->
<testsuite hostname="BRILAP3139" failures="0" tests="1" name="MavenDemo.MavenFramework.CrossBrowser" time="25.025" errors="0" timestamp="2021-06-28T14:48:43 IST" skipped="0">
  <testcase classname="MavenDemo.MavenFramework.CrossBrowser" name="demo1" time="25.025"/>
  <system-out/>
</testsuite> <!-- MavenDemo.MavenFramework.CrossBrowser -->
