<?xml version="1.0" encoding="UTF-8"?>
<!-- Generated by org.testng.reporters.JUnitReportReporter -->
<testsuite hostname="BRILAP3139" failures="0" tests="1" name="MavenDemo.MavenFramework.SeleniumGrid" time="13.762" errors="0" timestamp="2021-06-30T13:23:17 IST" skipped="0">
  <testcase classname="MavenDemo.MavenFramework.SeleniumGrid" name="mailTest" time="13.762"/>
  <system-out/>
</testsuite> <!-- MavenDemo.MavenFramework.SeleniumGrid -->
