<?xml version="1.0" encoding="UTF-8"?>
<!-- Generated by org.testng.reporters.JUnitReportReporter -->
<testsuite hostname="BRILAP3139" failures="0" tests="1" name="MavenDemo.MavenFramework.AssertionExample" time="12.500" errors="0" timestamp="2021-06-28T11:13:00 IST" skipped="0">
  <testcase classname="MavenDemo.MavenFramework.AssertionExample" name="assertPass" time="12.500"/>
  <system-out/>
</testsuite> <!-- MavenDemo.MavenFramework.AssertionExample -->
