<?xml version="1.0" encoding="UTF-8"?>
<!-- Generated by org.testng.reporters.JUnitReportReporter -->
<testsuite hostname="BRILAP3139" failures="0" tests="2" name="MavenDemo.MavenFramework.eCommerce" time="11.312" errors="0" timestamp="2021-06-28T14:53:39 IST" skipped="0">
  <testcase classname="MavenDemo.MavenFramework.eCommerce" name="AddingToCart" time="6.162"/>
  <system-out/>
  <testcase classname="MavenDemo.MavenFramework.eCommerce" name="AddingToCart" time="5.150"/>
  <system-out/>
</testsuite> <!-- MavenDemo.MavenFramework.eCommerce -->
