<?xml version="1.0" encoding="UTF-8"?>
<!-- Generated by org.testng.reporters.JUnitReportReporter -->
<testsuite hostname="BRILAP3139" failures="0" tests="6" name="MavenDemo.MavenFramework.ExcelExample2" time="14.052" errors="0" timestamp="2021-06-28T16:46:35 IST" skipped="0">
  <testcase classname="MavenDemo.MavenFramework.ExcelExample2" name="verifyInvalidLogin" time="3.238"/>
  <system-out/>
  <testcase classname="MavenDemo.MavenFramework.ExcelExample2" name="verifyInvalidLogin" time="1.941"/>
  <system-out/>
  <testcase classname="MavenDemo.MavenFramework.ExcelExample2" name="verifyInvalidLogin" time="2.302"/>
  <system-out/>
  <testcase classname="MavenDemo.MavenFramework.ExcelExample2" name="verifyInvalidLogin" time="1.928"/>
  <system-out/>
  <testcase classname="MavenDemo.MavenFramework.ExcelExample2" name="verifyInvalidLogin" time="2.359"/>
  <system-out/>
  <testcase classname="MavenDemo.MavenFramework.ExcelExample2" name="verifyInvalidLogin" time="2.284"/>
  <system-out/>
</testsuite> <!-- MavenDemo.MavenFramework.ExcelExample2 -->
