<?xml version="1.0" encoding="UTF-8"?>
<!-- Generated by org.testng.reporters.JUnitReportReporter -->
<testsuite hostname="BRILAP3139" failures="0" tests="1" name="MavenDemo.MavenFramework.AppTest" time="0.017" errors="0" timestamp="2021-06-25T17:39:12 IST" skipped="0">
  <testcase classname="MavenDemo.MavenFramework.AppTest" name="shouldAnswerWithTrue" time="0.017"/>
  <system-out/>
</testsuite> <!-- MavenDemo.MavenFramework.AppTest -->
