<?xml version="1.0" encoding="UTF-8"?>
<!-- Generated by org.testng.reporters.JUnitReportReporter -->
<testsuite hostname="BRILAP3139" failures="0" tests="1" name="MavenDemo.MavenFramework.AssertionExample" time="8.892" errors="0" timestamp="2021-06-28T09:46:52 IST" skipped="0">
  <testcase classname="MavenDemo.MavenFramework.AssertionExample" name="assertPass" time="8.892"/>
  <system-out/>
</testsuite> <!-- MavenDemo.MavenFramework.AssertionExample -->
